0 info it worked if it ends with ok
1 verbose cli [ '/home/pony/.node/bin/node',
1 verbose cli   '/home/pony/.node/bin/npm',
1 verbose cli   'run',
1 verbose cli   'release' ]
2 info using npm@3.10.10
3 info using node@v6.11.0
4 verbose run-script [ 'prerelease', 'release', 'postrelease' ]
5 info lifecycle conty.js@1.0.0~prerelease: conty.js@1.0.0
6 silly lifecycle conty.js@1.0.0~prerelease: no script for prerelease, continuing
7 info lifecycle conty.js@1.0.0~release: conty.js@1.0.0
8 verbose lifecycle conty.js@1.0.0~release: unsafe-perm in lifecycle true
9 verbose lifecycle conty.js@1.0.0~release: PATH: /home/pony/.node/lib/node_modules/npm/bin/node-gyp-bin:/home/pony/myLibs/conty.js/node_modules/.bin:/home/pony/.node/bin:/home/pony/bin:/home/pony/.rvm/gems/ruby-2.3.3/bin:/home/pony/.rvm/gems/ruby-2.3.3@global/bin:/home/pony/.rvm/rubies/ruby-2.3.3/bin:/home/pony/bin:/usr/local/sbin:/usr/local/bin:/usr/sbin:/usr/bin:/sbin:/bin:/usr/games:/usr/local/games:/home/pony/.node/bin:/snap/bin:/home/pony/.rvm/bin:/home/pony/.rvm/bin
10 verbose lifecycle conty.js@1.0.0~release: CWD: /home/pony/myLibs/conty.js
11 silly lifecycle conty.js@1.0.0~release: Args: [ '-c', 'np' ]
12 silly lifecycle conty.js@1.0.0~release: Returned: code: 1  signal: null
13 info lifecycle conty.js@1.0.0~release: Failed to exec release script
14 verbose stack Error: conty.js@1.0.0 release: `np`
14 verbose stack Exit status 1
14 verbose stack     at EventEmitter.<anonymous> (/home/pony/.node/lib/node_modules/npm/lib/utils/lifecycle.js:255:16)
14 verbose stack     at emitTwo (events.js:106:13)
14 verbose stack     at EventEmitter.emit (events.js:191:7)
14 verbose stack     at ChildProcess.<anonymous> (/home/pony/.node/lib/node_modules/npm/lib/utils/spawn.js:40:14)
14 verbose stack     at emitTwo (events.js:106:13)
14 verbose stack     at ChildProcess.emit (events.js:191:7)
14 verbose stack     at maybeClose (internal/child_process.js:891:16)
14 verbose stack     at Process.ChildProcess._handle.onexit (internal/child_process.js:226:5)
15 verbose pkgid conty.js@1.0.0
16 verbose cwd /home/pony/myLibs/conty.js
17 error Linux 4.10.0-32-generic
18 error argv "/home/pony/.node/bin/node" "/home/pony/.node/bin/npm" "run" "release"
19 error node v6.11.0
20 error npm  v3.10.10
21 error code ELIFECYCLE
22 error conty.js@1.0.0 release: `np`
22 error Exit status 1
23 error Failed at the conty.js@1.0.0 release script 'np'.
23 error Make sure you have the latest version of node.js and npm installed.
23 error If you do, this is most likely a problem with the conty.js package,
23 error not with npm itself.
23 error Tell the author that this fails on your system:
23 error     np
23 error You can get information on how to open an issue for this project with:
23 error     npm bugs conty.js
23 error Or if that isn't available, you can get their info via:
23 error     npm owner ls conty.js
23 error There is likely additional logging output above.
24 verbose exit [ 1, true ]
